app/build/intermediates/manifest_merge_blame_file/release/manifest-merger-blame-release-report.txt
1<?xml version="1.0" encoding="utf-8"?>
2<manifest xmlns:android="http://schemas.android.com/apk/res/android"
3    package="com.example.kanji2"
4    android:versionCode="1"
5    android:versionName="1.0" >
6
7    <uses-sdk
8        android:minSdkVersion="24"
8-->src\main\AndroidManifest.xml
9        android:targetSdkVersion="33" />
9-->src\main\AndroidManifest.xml
10
11    <uses-permission android:name="android.permission.READ_EXTERNAL_STORAGE" />
11-->src\main\AndroidManifest.xml:5:5-80
11-->src\main\AndroidManifest.xml:5:22-77
12    <uses-permission android:name="android.permission.WRITE_EXTERNAL_STORAGE" />
12-->src\main\AndroidManifest.xml:6:5-81
12-->src\main\AndroidManifest.xml:6:22-78
13    <uses-permission android:name="android.permission.RECORD_AUDIO" />
13-->src\main\AndroidManifest.xml:7:5-71
13-->src\main\AndroidManifest.xml:7:22-68
14    <uses-permission android:name="android.permission.INTERNET" />
14-->src\main\AndroidManifest.xml:8:5-67
14-->src\main\AndroidManifest.xml:8:22-64
15    <uses-permission android:name="android.permission.ACCESS_NETWORK_STATE" />
15-->src\main\AndroidManifest.xml:9:5-79
15-->src\main\AndroidManifest.xml:9:22-76
16    <uses-permission android:name="android.permission.WAKE_LOCK" />
16-->src\main\AndroidManifest.xml:10:5-68
16-->src\main\AndroidManifest.xml:10:22-65
17    <uses-permission android:name="com.google.android.providers.gsf.permission.READ_GSERVICES" />
17-->[com.google.android.recaptcha:recaptcha:18.4.0] AndroidManifest.xml:9:5-98
17-->[com.google.android.recaptcha:recaptcha:18.4.0] AndroidManifest.xml:9:22-95
18
19    <permission
19-->[androidx.core:core:1.13.0] AndroidManifest.xml:22:5-24:47
20        android:name="com.example.kanji2.DYNAMIC_RECEIVER_NOT_EXPORTED_PERMISSION"
20-->[androidx.core:core:1.13.0] AndroidManifest.xml:23:9-81
21        android:protectionLevel="signature" />
21-->[androidx.core:core:1.13.0] AndroidManifest.xml:24:9-44
22
23    <uses-permission android:name="com.example.kanji2.DYNAMIC_RECEIVER_NOT_EXPORTED_PERMISSION" />
23-->[androidx.core:core:1.13.0] AndroidManifest.xml:26:5-97
23-->[androidx.core:core:1.13.0] AndroidManifest.xml:26:22-94
24
25    <application
25-->src\main\AndroidManifest.xml:12:5-210:19
26        android:allowBackup="true"
26-->src\main\AndroidManifest.xml:13:9-35
27        android:appComponentFactory="androidx.core.app.CoreComponentFactory"
27-->[androidx.core:core:1.13.0] AndroidManifest.xml:28:18-86
28        android:dataExtractionRules="@xml/data_extraction_rules"
28-->src\main\AndroidManifest.xml:14:9-65
29        android:extractNativeLibs="false"
30        android:fullBackupContent="@xml/backup_rules"
30-->src\main\AndroidManifest.xml:15:9-54
31        android:icon="@mipmap/ic_launcher"
31-->src\main\AndroidManifest.xml:16:9-43
32        android:label="@string/app_name"
32-->src\main\AndroidManifest.xml:17:9-41
33        android:networkSecurityConfig="@xml/network_security_config"
33-->src\main\AndroidManifest.xml:20:9-69
34        android:supportsRtl="true"
34-->src\main\AndroidManifest.xml:18:9-35
35        android:theme="@style/Theme.Material3.Light"
35-->src\main\AndroidManifest.xml:19:9-53
36        android:usesCleartextTraffic="true" >
36-->src\main\AndroidManifest.xml:21:9-44
37        <activity
37-->src\main\AndroidManifest.xml:23:9-26:71
38            android:name="com.example.kanji2.Check_Pronounce"
38-->src\main\AndroidManifest.xml:24:13-44
39            android:exported="false"
39-->src\main\AndroidManifest.xml:25:13-37
40            android:theme="@style/Theme.Material3.Light.NoActionBar" />
40-->src\main\AndroidManifest.xml:26:13-69
41        <activity
41-->src\main\AndroidManifest.xml:27:9-30:72
42            android:name="com.example.kanji2.admin_views.AddDaysOfWeek"
42-->src\main\AndroidManifest.xml:28:13-54
43            android:exported="false"
43-->src\main\AndroidManifest.xml:29:13-37
44            android:theme="@style/Theme.Material3.Light.NoActionBar" />
44-->src\main\AndroidManifest.xml:30:13-69
45        <activity
45-->src\main\AndroidManifest.xml:31:9-34:72
46            android:name="com.example.kanji2.quiz_views.Student_Quiz_DashBoard"
46-->src\main\AndroidManifest.xml:32:13-62
47            android:exported="false"
47-->src\main\AndroidManifest.xml:33:13-37
48            android:theme="@style/Theme.Material3.Light.NoActionBar" />
48-->src\main\AndroidManifest.xml:34:13-69
49        <activity
49-->src\main\AndroidManifest.xml:35:9-38:72
50            android:name="com.example.kanji2.admin_views.AddFamilyQuizzes"
50-->src\main\AndroidManifest.xml:36:13-57
51            android:exported="false"
51-->src\main\AndroidManifest.xml:37:13-37
52            android:theme="@style/Theme.Material3.Light.NoActionBar" />
52-->src\main\AndroidManifest.xml:38:13-69
53        <activity
53-->src\main\AndroidManifest.xml:39:9-42:72
54            android:name="com.example.kanji2.admin_views.AddNumberQuizzes"
54-->src\main\AndroidManifest.xml:40:13-57
55            android:exported="false"
55-->src\main\AndroidManifest.xml:41:13-37
56            android:theme="@style/Theme.Material3.Light.NoActionBar" />
56-->src\main\AndroidManifest.xml:42:13-69
57        <activity
57-->src\main\AndroidManifest.xml:43:9-46:72
58            android:name="com.example.kanji2.admin_views.Admin_Quiz_Add_DashBoard"
58-->src\main\AndroidManifest.xml:44:13-65
59            android:exported="false"
59-->src\main\AndroidManifest.xml:45:13-37
60            android:theme="@style/Theme.Material3.Light.NoActionBar" />
60-->src\main\AndroidManifest.xml:46:13-69
61        <activity
61-->src\main\AndroidManifest.xml:47:9-50:72
62            android:name="com.example.kanji2.Admin_Main"
62-->src\main\AndroidManifest.xml:48:13-39
63            android:exported="false"
63-->src\main\AndroidManifest.xml:49:13-37
64            android:theme="@style/Theme.Material3.Light.NoActionBar" />
64-->src\main\AndroidManifest.xml:50:13-69
65        <activity
65-->src\main\AndroidManifest.xml:51:9-54:72
66            android:name="com.example.kanji2.Man"
66-->src\main\AndroidManifest.xml:52:13-32
67            android:exported="false"
67-->src\main\AndroidManifest.xml:53:13-37
68            android:theme="@style/Theme.Material3.Light.NoActionBar" />
68-->src\main\AndroidManifest.xml:54:13-69
69        <activity
69-->src\main\AndroidManifest.xml:55:9-58:72
70            android:name="com.example.kanji2.Sen"
70-->src\main\AndroidManifest.xml:56:13-32
71            android:exported="false"
71-->src\main\AndroidManifest.xml:57:13-37
72            android:theme="@style/Theme.Material3.Light.NoActionBar" />
72-->src\main\AndroidManifest.xml:58:13-69
73        <activity
73-->src\main\AndroidManifest.xml:59:9-62:72
74            android:name="com.example.kanji2.Hiyaku"
74-->src\main\AndroidManifest.xml:60:13-35
75            android:exported="false"
75-->src\main\AndroidManifest.xml:61:13-37
76            android:theme="@style/Theme.Material3.Light.NoActionBar" />
76-->src\main\AndroidManifest.xml:62:13-69
77        <activity
77-->src\main\AndroidManifest.xml:63:9-66:72
78            android:name="com.example.kanji2.Note"
78-->src\main\AndroidManifest.xml:64:13-33
79            android:exported="false"
79-->src\main\AndroidManifest.xml:65:13-37
80            android:theme="@style/Theme.Material3.Light.NoActionBar" />
80-->src\main\AndroidManifest.xml:66:13-69
81        <activity
81-->src\main\AndroidManifest.xml:67:9-70:72
82            android:name="com.example.kanji2.hon"
82-->src\main\AndroidManifest.xml:68:13-32
83            android:exported="false"
83-->src\main\AndroidManifest.xml:69:13-37
84            android:theme="@style/Theme.Material3.Light.NoActionBar" />
84-->src\main\AndroidManifest.xml:70:13-69
85        <activity
85-->src\main\AndroidManifest.xml:71:9-74:72
86            android:name="com.example.kanji2.nen"
86-->src\main\AndroidManifest.xml:72:13-32
87            android:exported="false"
87-->src\main\AndroidManifest.xml:73:13-37
88            android:theme="@style/Theme.Material3.Light.NoActionBar" />
88-->src\main\AndroidManifest.xml:74:13-69
89        <activity
89-->src\main\AndroidManifest.xml:75:9-78:72
90            android:name="com.example.kanji2.ju"
90-->src\main\AndroidManifest.xml:76:13-31
91            android:exported="false"
91-->src\main\AndroidManifest.xml:77:13-37
92            android:theme="@style/Theme.Material3.Light.NoActionBar" />
92-->src\main\AndroidManifest.xml:78:13-69
93        <activity
93-->src\main\AndroidManifest.xml:79:9-82:72
94            android:name="com.example.kanji2.kyu"
94-->src\main\AndroidManifest.xml:80:13-32
95            android:exported="false"
95-->src\main\AndroidManifest.xml:81:13-37
96            android:theme="@style/Theme.Material3.Light.NoActionBar" />
96-->src\main\AndroidManifest.xml:82:13-69
97        <activity
97-->src\main\AndroidManifest.xml:83:9-86:72
98            android:name="com.example.kanji2.hchi"
98-->src\main\AndroidManifest.xml:84:13-33
99            android:exported="false"
99-->src\main\AndroidManifest.xml:85:13-37
100            android:theme="@style/Theme.Material3.Light.NoActionBar" />
100-->src\main\AndroidManifest.xml:86:13-69
101        <activity
101-->src\main\AndroidManifest.xml:87:9-90:72
102            android:name="com.example.kanji2.nana"
102-->src\main\AndroidManifest.xml:88:13-33
103            android:exported="false"
103-->src\main\AndroidManifest.xml:89:13-37
104            android:theme="@style/Theme.Material3.Light.NoActionBar" />
104-->src\main\AndroidManifest.xml:90:13-69
105        <activity
105-->src\main\AndroidManifest.xml:91:9-94:72
106            android:name="com.example.kanji2.roku"
106-->src\main\AndroidManifest.xml:92:13-33
107            android:exported="false"
107-->src\main\AndroidManifest.xml:93:13-37
108            android:theme="@style/Theme.Material3.Light.NoActionBar" />
108-->src\main\AndroidManifest.xml:94:13-69
109        <activity
109-->src\main\AndroidManifest.xml:95:9-98:72
110            android:name="com.example.kanji2.Go"
110-->src\main\AndroidManifest.xml:96:13-31
111            android:exported="false"
111-->src\main\AndroidManifest.xml:97:13-37
112            android:theme="@style/Theme.Material3.Light.NoActionBar" />
112-->src\main\AndroidManifest.xml:98:13-69
113        <activity
113-->src\main\AndroidManifest.xml:99:9-102:72
114            android:name="com.example.kanji2.shi"
114-->src\main\AndroidManifest.xml:100:13-32
115            android:exported="false"
115-->src\main\AndroidManifest.xml:101:13-37
116            android:theme="@style/Theme.Material3.Light.NoActionBar" />
116-->src\main\AndroidManifest.xml:102:13-69
117        <activity
117-->src\main\AndroidManifest.xml:103:9-105:40
118            android:name="com.example.kanji2.Note4"
118-->src\main\AndroidManifest.xml:104:13-34
119            android:exported="false" />
119-->src\main\AndroidManifest.xml:105:13-37
120        <activity
120-->src\main\AndroidManifest.xml:106:9-108:40
121            android:name="com.example.kanji2.Note3"
121-->src\main\AndroidManifest.xml:107:13-34
122            android:exported="false" />
122-->src\main\AndroidManifest.xml:108:13-37
123        <activity
123-->src\main\AndroidManifest.xml:109:9-111:40
124            android:name="com.example.kanji2.Note2"
124-->src\main\AndroidManifest.xml:110:13-34
125            android:exported="false" />
125-->src\main\AndroidManifest.xml:111:13-37
126        <activity
126-->src\main\AndroidManifest.xml:112:9-115:72
127            android:name="com.example.kanji2.Instructions"
127-->src\main\AndroidManifest.xml:113:13-41
128            android:exported="false"
128-->src\main\AndroidManifest.xml:114:13-37
129            android:theme="@style/Theme.Material3.Light.NoActionBar" />
129-->src\main\AndroidManifest.xml:115:13-69
130        <activity
130-->src\main\AndroidManifest.xml:116:9-119:72
131            android:name="com.example.kanji2.ji"
131-->src\main\AndroidManifest.xml:117:13-31
132            android:exported="false"
132-->src\main\AndroidManifest.xml:118:13-37
133            android:theme="@style/Theme.Material3.Light.NoActionBar" />
133-->src\main\AndroidManifest.xml:119:13-69
134        <activity
134-->src\main\AndroidManifest.xml:120:9-123:72
135            android:name="com.example.kanji2.dou"
135-->src\main\AndroidManifest.xml:121:13-32
136            android:exported="false"
136-->src\main\AndroidManifest.xml:122:13-37
137            android:theme="@style/Theme.Material3.Light.NoActionBar" />
137-->src\main\AndroidManifest.xml:123:13-69
138        <activity
138-->src\main\AndroidManifest.xml:124:9-127:72
139            android:name="com.example.kanji2.kai"
139-->src\main\AndroidManifest.xml:125:13-32
140            android:exported="false"
140-->src\main\AndroidManifest.xml:126:13-37
141            android:theme="@style/Theme.Material3.Light.NoActionBar" />
141-->src\main\AndroidManifest.xml:127:13-69
142        <activity
142-->src\main\AndroidManifest.xml:128:9-131:72
143            android:name="com.example.kanji2.akai"
143-->src\main\AndroidManifest.xml:129:13-33
144            android:exported="false"
144-->src\main\AndroidManifest.xml:130:13-37
145            android:theme="@style/Theme.Material3.Light.NoActionBar" />
145-->src\main\AndroidManifest.xml:131:13-69
146        <activity
146-->src\main\AndroidManifest.xml:132:9-135:72
147            android:name="com.example.kanji2.kao"
147-->src\main\AndroidManifest.xml:133:13-32
148            android:exported="false"
148-->src\main\AndroidManifest.xml:134:13-37
149            android:theme="@style/Theme.Material3.Light.NoActionBar" />
149-->src\main\AndroidManifest.xml:135:13-69
150        <activity
150-->src\main\AndroidManifest.xml:136:9-139:72
151            android:name="com.example.kanji2.kuroi"
151-->src\main\AndroidManifest.xml:137:13-34
152            android:exported="false"
152-->src\main\AndroidManifest.xml:138:13-37
153            android:theme="@style/Theme.Material3.Light.NoActionBar" />
153-->src\main\AndroidManifest.xml:139:13-69
154        <activity
154-->src\main\AndroidManifest.xml:140:9-143:72
155            android:name="com.example.kanji2.sun"
155-->src\main\AndroidManifest.xml:141:13-32
156            android:exported="false"
156-->src\main\AndroidManifest.xml:142:13-37
157            android:theme="@style/Theme.Material3.Light.NoActionBar" />
157-->src\main\AndroidManifest.xml:143:13-69
158        <activity
158-->src\main\AndroidManifest.xml:144:9-147:72
159            android:name="com.example.kanji2.NoteEditor"
159-->src\main\AndroidManifest.xml:145:13-39
160            android:exported="false"
160-->src\main\AndroidManifest.xml:146:13-37
161            android:theme="@style/Theme.Material3.Light.NoActionBar" />
161-->src\main\AndroidManifest.xml:147:13-69
162        <activity
162-->src\main\AndroidManifest.xml:148:9-152:72
163            android:name="com.example.kanji2.Numbers"
163-->src\main\AndroidManifest.xml:149:13-36
164            android:exported="false"
164-->src\main\AndroidManifest.xml:150:13-37
165            android:parentActivityName="com.example.kanji2.Itchi"
165-->src\main\AndroidManifest.xml:151:13-48
166            android:theme="@style/Theme.Material3.Light.NoActionBar" />
166-->src\main\AndroidManifest.xml:152:13-69
167        <activity
167-->src\main\AndroidManifest.xml:153:9-156:72
168            android:name="com.example.kanji2.ni"
168-->src\main\AndroidManifest.xml:154:13-31
169            android:exported="false"
169-->src\main\AndroidManifest.xml:155:13-37
170            android:theme="@style/Theme.Material3.Light.NoActionBar" />
170-->src\main\AndroidManifest.xml:156:13-69
171        <activity
171-->src\main\AndroidManifest.xml:157:9-160:72
172            android:name="com.example.kanji2.Check_Letter"
172-->src\main\AndroidManifest.xml:158:13-41
173            android:exported="false"
173-->src\main\AndroidManifest.xml:159:13-37
174            android:theme="@style/Theme.Material3.Light.NoActionBar" />
174-->src\main\AndroidManifest.xml:160:13-69
175        <activity
175-->src\main\AndroidManifest.xml:161:9-164:72
176            android:name="com.example.kanji2.Level2"
176-->src\main\AndroidManifest.xml:162:13-35
177            android:exported="false"
177-->src\main\AndroidManifest.xml:163:13-37
178            android:theme="@style/Theme.Material3.Light.NoActionBar" />
178-->src\main\AndroidManifest.xml:164:13-69
179        <activity
179-->src\main\AndroidManifest.xml:165:9-168:72
180            android:name="com.example.kanji2.Level3"
180-->src\main\AndroidManifest.xml:166:13-35
181            android:exported="false"
181-->src\main\AndroidManifest.xml:167:13-37
182            android:theme="@style/Theme.Material3.Light.NoActionBar" />
182-->src\main\AndroidManifest.xml:168:13-69
183        <activity
183-->src\main\AndroidManifest.xml:169:9-172:72
184            android:name="com.example.kanji2.Level4"
184-->src\main\AndroidManifest.xml:170:13-35
185            android:exported="false"
185-->src\main\AndroidManifest.xml:171:13-37
186            android:theme="@style/Theme.Material3.Light.NoActionBar" />
186-->src\main\AndroidManifest.xml:172:13-69
187        <activity
187-->src\main\AndroidManifest.xml:173:9-176:72
188            android:name="com.example.kanji2.Itchi"
188-->src\main\AndroidManifest.xml:174:13-34
189            android:exported="false"
189-->src\main\AndroidManifest.xml:175:13-37
190            android:theme="@style/Theme.Material3.Light.NoActionBar" />
190-->src\main\AndroidManifest.xml:176:13-69
191        <activity
191-->src\main\AndroidManifest.xml:177:9-180:72
192            android:name="com.example.kanji2.Level_Kanji"
192-->src\main\AndroidManifest.xml:178:13-40
193            android:exported="false"
193-->src\main\AndroidManifest.xml:179:13-37
194            android:theme="@style/Theme.Material3.Light.NoActionBar" />
194-->src\main\AndroidManifest.xml:180:13-69
195        <activity
195-->src\main\AndroidManifest.xml:181:9-184:72
196            android:name="com.example.kanji2.Level5"
196-->src\main\AndroidManifest.xml:182:13-35
197            android:exported="false"
197-->src\main\AndroidManifest.xml:183:13-37
198            android:theme="@style/Theme.Material3.Light.NoActionBar" />
198-->src\main\AndroidManifest.xml:184:13-69
199        <activity
199-->src\main\AndroidManifest.xml:185:9-193:20
200            android:name="com.example.kanji2.splash_screen"
200-->src\main\AndroidManifest.xml:186:13-42
201            android:exported="true"
201-->src\main\AndroidManifest.xml:187:13-36
202            android:theme="@style/Theme.Material3.Light.NoActionBar" >
202-->src\main\AndroidManifest.xml:188:13-69
203            <intent-filter>
203-->src\main\AndroidManifest.xml:189:13-192:29
204                <action android:name="android.intent.action.MAIN" />
204-->src\main\AndroidManifest.xml:190:17-69
204-->src\main\AndroidManifest.xml:190:25-66
205
206                <category android:name="android.intent.category.LAUNCHER" />
206-->src\main\AndroidManifest.xml:191:17-77
206-->src\main\AndroidManifest.xml:191:27-74
207            </intent-filter>
208        </activity>
209        <activity
209-->src\main\AndroidManifest.xml:194:9-197:72
210            android:name="com.example.kanji2.Register"
210-->src\main\AndroidManifest.xml:195:13-37
211            android:exported="false"
211-->src\main\AndroidManifest.xml:196:13-37
212            android:theme="@style/Theme.Material3.Light.NoActionBar" />
212-->src\main\AndroidManifest.xml:197:13-69
213        <activity
213-->src\main\AndroidManifest.xml:198:9-201:72
214            android:name="com.example.kanji2.Login"
214-->src\main\AndroidManifest.xml:199:13-34
215            android:exported="true"
215-->src\main\AndroidManifest.xml:200:13-36
216            android:theme="@style/Theme.Material3.Light.NoActionBar" />
216-->src\main\AndroidManifest.xml:201:13-69
217        <activity
217-->src\main\AndroidManifest.xml:202:9-205:72
218            android:name="com.example.kanji2.MainActivity"
218-->src\main\AndroidManifest.xml:203:13-41
219            android:exported="true"
219-->src\main\AndroidManifest.xml:204:13-36
220            android:theme="@style/Theme.Material3.Light.NoActionBar" />
220-->src\main\AndroidManifest.xml:205:13-69
221
222        <meta-data
222-->src\main\AndroidManifest.xml:207:9-209:57
223            android:name="preloaded_fonts"
223-->src\main\AndroidManifest.xml:208:13-43
224            android:resource="@array/preloaded_fonts" />
224-->src\main\AndroidManifest.xml:209:13-54
225
226        <activity
226-->[com.google.firebase:firebase-auth:23.0.0] AndroidManifest.xml:29:9-46:20
227            android:name="com.google.firebase.auth.internal.GenericIdpActivity"
227-->[com.google.firebase:firebase-auth:23.0.0] AndroidManifest.xml:30:13-80
228            android:excludeFromRecents="true"
228-->[com.google.firebase:firebase-auth:23.0.0] AndroidManifest.xml:31:13-46
229            android:exported="true"
229-->[com.google.firebase:firebase-auth:23.0.0] AndroidManifest.xml:32:13-36
230            android:launchMode="singleTask"
230-->[com.google.firebase:firebase-auth:23.0.0] AndroidManifest.xml:33:13-44
231            android:theme="@android:style/Theme.Translucent.NoTitleBar" >
231-->[com.google.firebase:firebase-auth:23.0.0] AndroidManifest.xml:34:13-72
232            <intent-filter>
232-->[com.google.firebase:firebase-auth:23.0.0] AndroidManifest.xml:35:13-45:29
233                <action android:name="android.intent.action.VIEW" />
233-->[com.google.firebase:firebase-auth:23.0.0] AndroidManifest.xml:36:17-69
233-->[com.google.firebase:firebase-auth:23.0.0] AndroidManifest.xml:36:25-66
234
235                <category android:name="android.intent.category.DEFAULT" />
235-->[com.google.firebase:firebase-auth:23.0.0] AndroidManifest.xml:38:17-76
235-->[com.google.firebase:firebase-auth:23.0.0] AndroidManifest.xml:38:27-73
236                <category android:name="android.intent.category.BROWSABLE" />
236-->[com.google.firebase:firebase-auth:23.0.0] AndroidManifest.xml:39:17-78
236-->[com.google.firebase:firebase-auth:23.0.0] AndroidManifest.xml:39:27-75
237
238                <data
238-->[com.google.firebase:firebase-auth:23.0.0] AndroidManifest.xml:41:17-44:51
239                    android:host="firebase.auth"
239-->[com.google.firebase:firebase-auth:23.0.0] AndroidManifest.xml:42:21-49
240                    android:path="/"
240-->[com.google.firebase:firebase-auth:23.0.0] AndroidManifest.xml:43:21-37
241                    android:scheme="genericidp" />
241-->[com.google.firebase:firebase-auth:23.0.0] AndroidManifest.xml:44:21-48
242            </intent-filter>
243        </activity>
244        <activity
244-->[com.google.firebase:firebase-auth:23.0.0] AndroidManifest.xml:47:9-64:20
245            android:name="com.google.firebase.auth.internal.RecaptchaActivity"
245-->[com.google.firebase:firebase-auth:23.0.0] AndroidManifest.xml:48:13-79
246            android:excludeFromRecents="true"
246-->[com.google.firebase:firebase-auth:23.0.0] AndroidManifest.xml:49:13-46
247            android:exported="true"
247-->[com.google.firebase:firebase-auth:23.0.0] AndroidManifest.xml:50:13-36
248            android:launchMode="singleTask"
248-->[com.google.firebase:firebase-auth:23.0.0] AndroidManifest.xml:51:13-44
249            android:theme="@android:style/Theme.Translucent.NoTitleBar" >
249-->[com.google.firebase:firebase-auth:23.0.0] AndroidManifest.xml:52:13-72
250            <intent-filter>
250-->[com.google.firebase:firebase-auth:23.0.0] AndroidManifest.xml:53:13-63:29
251                <action android:name="android.intent.action.VIEW" />
251-->[com.google.firebase:firebase-auth:23.0.0] AndroidManifest.xml:36:17-69
251-->[com.google.firebase:firebase-auth:23.0.0] AndroidManifest.xml:36:25-66
252
253                <category android:name="android.intent.category.DEFAULT" />
253-->[com.google.firebase:firebase-auth:23.0.0] AndroidManifest.xml:38:17-76
253-->[com.google.firebase:firebase-auth:23.0.0] AndroidManifest.xml:38:27-73
254                <category android:name="android.intent.category.BROWSABLE" />
254-->[com.google.firebase:firebase-auth:23.0.0] AndroidManifest.xml:39:17-78
254-->[com.google.firebase:firebase-auth:23.0.0] AndroidManifest.xml:39:27-75
255
256                <data
256-->[com.google.firebase:firebase-auth:23.0.0] AndroidManifest.xml:41:17-44:51
257                    android:host="firebase.auth"
257-->[com.google.firebase:firebase-auth:23.0.0] AndroidManifest.xml:42:21-49
258                    android:path="/"
258-->[com.google.firebase:firebase-auth:23.0.0] AndroidManifest.xml:43:21-37
259                    android:scheme="recaptcha" />
259-->[com.google.firebase:firebase-auth:23.0.0] AndroidManifest.xml:44:21-48
260            </intent-filter>
261        </activity>
262
263        <service
263-->[com.google.firebase:firebase-auth:23.0.0] AndroidManifest.xml:66:9-72:19
264            android:name="com.google.firebase.components.ComponentDiscoveryService"
264-->[com.google.firebase:firebase-auth:23.0.0] AndroidManifest.xml:67:13-84
265            android:directBootAware="true"
265-->[com.google.firebase:firebase-common:21.0.0] AndroidManifest.xml:32:13-43
266            android:exported="false" >
266-->[com.google.firebase:firebase-auth:23.0.0] AndroidManifest.xml:68:13-37
267            <meta-data
267-->[com.google.firebase:firebase-auth:23.0.0] AndroidManifest.xml:69:13-71:85
268                android:name="com.google.firebase.components:com.google.firebase.auth.FirebaseAuthRegistrar"
268-->[com.google.firebase:firebase-auth:23.0.0] AndroidManifest.xml:70:17-109
269                android:value="com.google.firebase.components.ComponentRegistrar" />
269-->[com.google.firebase:firebase-auth:23.0.0] AndroidManifest.xml:71:17-82
270            <meta-data
270-->[com.google.firebase:firebase-firestore:25.0.0] AndroidManifest.xml:17:13-19:85
271                android:name="com.google.firebase.components:com.google.firebase.firestore.FirebaseFirestoreKtxRegistrar"
271-->[com.google.firebase:firebase-firestore:25.0.0] AndroidManifest.xml:18:17-122
272                android:value="com.google.firebase.components.ComponentRegistrar" />
272-->[com.google.firebase:firebase-firestore:25.0.0] AndroidManifest.xml:19:17-82
273            <meta-data
273-->[com.google.firebase:firebase-firestore:25.0.0] AndroidManifest.xml:20:13-22:85
274                android:name="com.google.firebase.components:com.google.firebase.firestore.FirestoreRegistrar"
274-->[com.google.firebase:firebase-firestore:25.0.0] AndroidManifest.xml:21:17-111
275                android:value="com.google.firebase.components.ComponentRegistrar" />
275-->[com.google.firebase:firebase-firestore:25.0.0] AndroidManifest.xml:22:17-82
276            <meta-data
276-->[com.google.firebase:firebase-database:21.0.0] AndroidManifest.xml:29:13-31:85
277                android:name="com.google.firebase.components:com.google.firebase.database.FirebaseDatabaseKtxRegistrar"
277-->[com.google.firebase:firebase-database:21.0.0] AndroidManifest.xml:30:17-120
278                android:value="com.google.firebase.components.ComponentRegistrar" />
278-->[com.google.firebase:firebase-database:21.0.0] AndroidManifest.xml:31:17-82
279            <meta-data
279-->[com.google.firebase:firebase-database:21.0.0] AndroidManifest.xml:32:13-34:85
280                android:name="com.google.firebase.components:com.google.firebase.database.DatabaseRegistrar"
280-->[com.google.firebase:firebase-database:21.0.0] AndroidManifest.xml:33:17-109
281                android:value="com.google.firebase.components.ComponentRegistrar" />
281-->[com.google.firebase:firebase-database:21.0.0] AndroidManifest.xml:34:17-82
282            <meta-data
282-->[com.google.firebase:firebase-common-ktx:21.0.0] AndroidManifest.xml:12:13-14:85
283                android:name="com.google.firebase.components:com.google.firebase.ktx.FirebaseCommonLegacyRegistrar"
283-->[com.google.firebase:firebase-common-ktx:21.0.0] AndroidManifest.xml:13:17-116
284                android:value="com.google.firebase.components.ComponentRegistrar" />
284-->[com.google.firebase:firebase-common-ktx:21.0.0] AndroidManifest.xml:14:17-82
285            <meta-data
285-->[com.google.firebase:firebase-common:21.0.0] AndroidManifest.xml:35:13-37:85
286                android:name="com.google.firebase.components:com.google.firebase.FirebaseCommonKtxRegistrar"
286-->[com.google.firebase:firebase-common:21.0.0] AndroidManifest.xml:36:17-109
287                android:value="com.google.firebase.components.ComponentRegistrar" />
287-->[com.google.firebase:firebase-common:21.0.0] AndroidManifest.xml:37:17-82
288        </service>
289        <service
289-->[androidx.credentials:credentials-play-services-auth:1.2.0-rc01] AndroidManifest.xml:24:9-32:19
290            android:name="androidx.credentials.playservices.CredentialProviderMetadataHolder"
290-->[androidx.credentials:credentials-play-services-auth:1.2.0-rc01] AndroidManifest.xml:25:13-94
291            android:enabled="true"
291-->[androidx.credentials:credentials-play-services-auth:1.2.0-rc01] AndroidManifest.xml:26:13-35
292            android:exported="false" >
292-->[androidx.credentials:credentials-play-services-auth:1.2.0-rc01] AndroidManifest.xml:27:13-37
293            <meta-data
293-->[androidx.credentials:credentials-play-services-auth:1.2.0-rc01] AndroidManifest.xml:29:13-31:104
294                android:name="androidx.credentials.CREDENTIAL_PROVIDER_KEY"
294-->[androidx.credentials:credentials-play-services-auth:1.2.0-rc01] AndroidManifest.xml:30:17-76
295                android:value="androidx.credentials.playservices.CredentialProviderPlayServicesImpl" />
295-->[androidx.credentials:credentials-play-services-auth:1.2.0-rc01] AndroidManifest.xml:31:17-101
296        </service>
297
298        <activity
298-->[androidx.credentials:credentials-play-services-auth:1.2.0-rc01] AndroidManifest.xml:34:9-41:20